This is pdfTeX, Version 3.141592653-2.6-1.40.25 (TeX Live 2023) (preloaded format=pdflatex 2023.11.28)  4 MAR 2024 18:46
entering extended mode
 restricted \write18 enabled.
 file:line:error style messages enabled.
 %&-line parsing enabled.
**main.tex
(./main.tex
LaTeX2e <2023-11-01>
L3 programming layer <2023-11-09>
(/home/jordan/work/texlive/2023/texmf-dist/tex/latex/base/report.cls
Document Class: report 2023/05/17 v1.4n Standard LaTeX document class
(/home/jordan/work/texlive/2023/texmf-dist/tex/latex/base/size10.clo
File: size10.clo 2023/05/17 v1.4n Standard LaTeX file (size option)
)
\c@part=\count186
\c@chapter=\count187
\c@section=\count188
\c@subsection=\count189
\c@subsubsection=\count190
\c@paragraph=\count191
\c@subparagraph=\count192
\c@figure=\count193
\c@table=\count194
\abovecaptionskip=\skip48
\belowcaptionskip=\skip49
\bibindent=\dimen140
) (/home/jordan/work/texlive/2023/texmf-dist/tex/latex/booktabs/booktabs.sty
Package: booktabs 2020/01/12 v1.61803398 Publication quality tables
\heavyrulewidth=\dimen141
\lightrulewidth=\dimen142
\cmidrulewidth=\dimen143
\belowrulesep=\dimen144
\belowbottomsep=\dimen145
\aboverulesep=\dimen146
\abovetopsep=\dimen147
\cmidrulesep=\dimen148
\cmidrulekern=\dimen149
\defaultaddspace=\dimen150
\@cmidla=\count195
\@cmidlb=\count196
\@aboverulesep=\dimen151
\@belowrulesep=\dimen152
\@thisruleclass=\count197
\@lastruleclass=\count198
\@thisrulewidth=\dimen153
) (/home/jordan/work/texlive/2023/texmf-dist/tex/latex/base/inputenc.sty
Package: inputenc 2021/02/14 v1.3d Input encoding file
\inpenc@prehook=\toks17
\inpenc@posthook=\toks18
) (/home/jordan/work/texlive/2023/texmf-dist/tex/latex/graphics/graphicx.sty
Package: graphicx 2021/09/16 v1.2d Enhanced LaTeX Graphics (DPC,SPQR)
 (/home/jordan/work/texlive/2023/texmf-dist/tex/latex/graphics/keyval.sty
Package: keyval 2022/05/29 v1.15 key=value parser (DPC)
\KV@toks@=\toks19
) (/home/jordan/work/texlive/2023/texmf-dist/tex/latex/graphics/graphics.sty
Package: graphics 2022/03/10 v1.4e Standard LaTeX Graphics (DPC,SPQR)
 (/home/jordan/work/texlive/2023/texmf-dist/tex/latex/graphics/trig.sty
Package: trig 2021/08/11 v1.11 sin cos tan (DPC)
) (/home/jordan/work/texlive/2023/texmf-dist/tex/latex/graphics-cfg/graphics.cfg
File: graphics.cfg 2016/06/04 v1.11 sample graphics configuration
)
Package graphics Info: Driver file: pdftex.def on input line 107.
 (/home/jordan/work/texlive/2023/texmf-dist/tex/latex/graphics-def/pdftex.def
File: pdftex.def 2022/09/22 v1.2b Graphics/color driver for pdftex
))
\Gin@req@height=\dimen154
\Gin@req@width=\dimen155
) (/home/jordan/work/texlive/2023/texmf-dist/tex/latex/pgfplots/pgfplots.sty (/home/jordan/work/texlive/2023/texmf-dist/tex/generic/pgfplots/pgfplots.revision.tex)
Package: pgfplots 2021/05/15 v1.18.1 Data Visualization (1.18.1)
 (/home/jordan/work/texlive/2023/texmf-dist/tex/latex/pgf/frontendlayer/tikz.sty (/home/jordan/work/texlive/2023/texmf-dist/tex/latex/pgf/basiclayer/pgf.sty (/home/jordan/work/texlive/2023/texmf-dist/tex/latex/pgf/utilities/pgfrcs.sty (/home/jordan/work/texlive/2023/texmf-dist/tex/generic/pgf/utilities/pgfutil-common.tex
\pgfutil@everybye=\toks20
\pgfutil@tempdima=\dimen156
\pgfutil@tempdimb=\dimen157
) (/home/jordan/work/texlive/2023/texmf-dist/tex/generic/pgf/utilities/pgfutil-latex.def
\pgfutil@abb=\box51
) (/home/jordan/work/texlive/2023/texmf-dist/tex/generic/pgf/utilities/pgfrcs.code.tex (/home/jordan/work/texlive/2023/texmf-dist/tex/generic/pgf/pgf.revision.tex)
Package: pgfrcs 2023-01-15 v3.1.10 (3.1.10)
))
Package: pgf 2023-01-15 v3.1.10 (3.1.10)
 (/home/jordan/work/texlive/2023/texmf-dist/tex/latex/pgf/basiclayer/pgfcore.sty (/home/jordan/work/texlive/2023/texmf-dist/tex/latex/pgf/systemlayer/pgfsys.sty (/home/jordan/work/texlive/2023/texmf-dist/tex/generic/pgf/systemlayer/pgfsys.code.tex
Package: pgfsys 2023-01-15 v3.1.10 (3.1.10)
 (/home/jordan/work/texlive/2023/texmf-dist/tex/generic/pgf/utilities/pgfkeys.code.tex
\pgfkeys@pathtoks=\toks21
\pgfkeys@temptoks=\toks22
 (/home/jordan/work/texlive/2023/texmf-dist/tex/generic/pgf/utilities/pgfkeyslibraryfiltered.code.tex
\pgfkeys@tmptoks=\toks23
))
\pgf@x=\dimen158
\pgf@y=\dimen159
\pgf@xa=\dimen160
\pgf@ya=\dimen161
\pgf@xb=\dimen162
\pgf@yb=\dimen163
\pgf@xc=\dimen164
\pgf@yc=\dimen165
\pgf@xd=\dimen166
\pgf@yd=\dimen167
\w@pgf@writea=\write3
\r@pgf@reada=\read2
\c@pgf@counta=\count199
\c@pgf@countb=\count266
\c@pgf@countc=\count267
\c@pgf@countd=\count268
\t@pgf@toka=\toks24
\t@pgf@tokb=\toks25
\t@pgf@tokc=\toks26
\pgf@sys@id@count=\count269
 (/home/jordan/work/texlive/2023/texmf-dist/tex/generic/pgf/systemlayer/pgf.cfg
File: pgf.cfg 2023-01-15 v3.1.10 (3.1.10)
)
Driver file for pgf: pgfsys-pdftex.def

(/home/jordan/work/texlive/2023/texmf-dist/tex/generic/pgf/systemlayer/pgfsys-pdftex.def
File: pgfsys-pdftex.def 2023-01-15 v3.1.10 (3.1.10)
 (/home/jordan/work/texlive/2023/texmf-dist/tex/generic/pgf/systemlayer/pgfsys-common-pdf.def
File: pgfsys-common-pdf.def 2023-01-15 v3.1.10 (3.1.10)
))) (/home/jordan/work/texlive/2023/texmf-dist/tex/generic/pgf/systemlayer/pgfsyssoftpath.code.tex
File: pgfsyssoftpath.code.tex 2023-01-15 v3.1.10 (3.1.10)
\pgfsyssoftpath@smallbuffer@items=\count270
\pgfsyssoftpath@bigbuffer@items=\count271
) (/home/jordan/work/texlive/2023/texmf-dist/tex/generic/pgf/systemlayer/pgfsysprotocol.code.tex
File: pgfsysprotocol.code.tex 2023-01-15 v3.1.10 (3.1.10)
)) (/home/jordan/work/texlive/2023/texmf-dist/tex/latex/xcolor/xcolor.sty
Package: xcolor 2023/11/15 v3.01 LaTeX color extensions (UK)
 (/home/jordan/work/texlive/2023/texmf-dist/tex/latex/graphics-cfg/color.cfg
File: color.cfg 2016/01/02 v1.6 sample color configuration
)
Package xcolor Info: Driver file: pdftex.def on input line 274.
 (/home/jordan/work/texlive/2023/texmf-dist/tex/latex/graphics/mathcolor.ltx)
Package xcolor Info: Model `cmy' substituted by `cmy0' on input line 1350.
Package xcolor Info: Model `hsb' substituted by `rgb' on input line 1354.
Package xcolor Info: Model `RGB' extended on input line 1366.
Package xcolor Info: Model `HTML' substituted by `rgb' on input line 1368.
Package xcolor Info: Model `Hsb' substituted by `hsb' on input line 1369.
Package xcolor Info: Model `tHsb' substituted by `hsb' on input line 1370.
Package xcolor Info: Model `HSB' substituted by `hsb' on input line 1371.
Package xcolor Info: Model `Gray' substituted by `gray' on input line 1372.
Package xcolor Info: Model `wave' substituted by `hsb' on input line 1373.
) (/home/jordan/work/texlive/2023/texmf-dist/tex/generic/pgf/basiclayer/pgfcore.code.tex
Package: pgfcore 2023-01-15 v3.1.10 (3.1.10)
 (/home/jordan/work/texlive/2023/texmf-dist/tex/generic/pgf/math/pgfmath.code.tex (/home/jordan/work/texlive/2023/texmf-dist/tex/generic/pgf/math/pgfmathutil.code.tex) (/home/jordan/work/texlive/2023/texmf-dist/tex/generic/pgf/math/pgfmathparser.code.tex
\pgfmath@dimen=\dimen168
\pgfmath@count=\count272
\pgfmath@box=\box52
\pgfmath@toks=\toks27
\pgfmath@stack@operand=\toks28
\pgfmath@stack@operation=\toks29
) (/home/jordan/work/texlive/2023/texmf-dist/tex/generic/pgf/math/pgfmathfunctions.code.tex) (/home/jordan/work/texlive/2023/texmf-dist/tex/generic/pgf/math/pgfmathfunctions.basic.code.tex) (/home/jordan/work/texlive/2023/texmf-dist/tex/generic/pgf/math/pgfmathfunctions.trigonometric.code.tex) (/home/jordan/work/texlive/2023/texmf-dist/tex/generic/pgf/math/pgfmathfunctions.random.code.tex) (/home/jordan/work/texlive/2023/texmf-dist/tex/generic/pgf/math/pgfmathfunctions.comparison.code.tex) (/home/jordan/work/texlive/2023/texmf-dist/tex/generic/pgf/math/pgfmathfunctions.base.code.tex) (/home/jordan/work/texlive/2023/texmf-dist/tex/generic/pgf/math/pgfmathfunctions.round.code.tex) (/home/jordan/work/texlive/2023/texmf-dist/tex/generic/pgf/math/pgfmathfunctions.misc.code.tex) (/home/jordan/work/texlive/2023/texmf-dist/tex/generic/pgf/math/pgfmathfunctions.integerarithmetics.code.tex) (/home/jordan/work/texlive/2023/texmf-dist/tex/generic/pgf/math/pgfmathcalc.code.tex)
(/home/jordan/work/texlive/2023/texmf-dist/tex/generic/pgf/math/pgfmathfloat.code.tex
\c@pgfmathroundto@lastzeros=\count273
)) (/home/jordan/work/texlive/2023/texmf-dist/tex/generic/pgf/math/pgfint.code.tex) (/home/jordan/work/texlive/2023/texmf-dist/tex/generic/pgf/basiclayer/pgfcorepoints.code.tex
File: pgfcorepoints.code.tex 2023-01-15 v3.1.10 (3.1.10)
\pgf@picminx=\dimen169
\pgf@picmaxx=\dimen170
\pgf@picminy=\dimen171
\pgf@picmaxy=\dimen172
\pgf@pathminx=\dimen173
\pgf@pathmaxx=\dimen174
\pgf@pathminy=\dimen175
\pgf@pathmaxy=\dimen176
\pgf@xx=\dimen177
\pgf@xy=\dimen178
\pgf@yx=\dimen179
\pgf@yy=\dimen180
\pgf@zx=\dimen181
\pgf@zy=\dimen182
) (/home/jordan/work/texlive/2023/texmf-dist/tex/generic/pgf/basiclayer/pgfcorepathconstruct.code.tex
File: pgfcorepathconstruct.code.tex 2023-01-15 v3.1.10 (3.1.10)
\pgf@path@lastx=\dimen183
\pgf@path@lasty=\dimen184
) (/home/jordan/work/texlive/2023/texmf-dist/tex/generic/pgf/basiclayer/pgfcorepathusage.code.tex
File: pgfcorepathusage.code.tex 2023-01-15 v3.1.10 (3.1.10)
\pgf@shorten@end@additional=\dimen185
\pgf@shorten@start@additional=\dimen186
) (/home/jordan/work/texlive/2023/texmf-dist/tex/generic/pgf/basiclayer/pgfcorescopes.code.tex
File: pgfcorescopes.code.tex 2023-01-15 v3.1.10 (3.1.10)
\pgfpic=\box53
\pgf@hbox=\box54
\pgf@layerbox@main=\box55
\pgf@picture@serial@count=\count274
) (/home/jordan/work/texlive/2023/texmf-dist/tex/generic/pgf/basiclayer/pgfcoregraphicstate.code.tex
File: pgfcoregraphicstate.code.tex 2023-01-15 v3.1.10 (3.1.10)
\pgflinewidth=\dimen187
) (/home/jordan/work/texlive/2023/texmf-dist/tex/generic/pgf/basiclayer/pgfcoretransformations.code.tex
File: pgfcoretransformations.code.tex 2023-01-15 v3.1.10 (3.1.10)
\pgf@pt@x=\dimen188
\pgf@pt@y=\dimen189
\pgf@pt@temp=\dimen190
) (/home/jordan/work/texlive/2023/texmf-dist/tex/generic/pgf/basiclayer/pgfcorequick.code.tex
File: pgfcorequick.code.tex 2023-01-15 v3.1.10 (3.1.10)
) (/home/jordan/work/texlive/2023/texmf-dist/tex/generic/pgf/basiclayer/pgfcoreobjects.code.tex
File: pgfcoreobjects.code.tex 2023-01-15 v3.1.10 (3.1.10)
) (/home/jordan/work/texlive/2023/texmf-dist/tex/generic/pgf/basiclayer/pgfcorepathprocessing.code.tex
File: pgfcorepathprocessing.code.tex 2023-01-15 v3.1.10 (3.1.10)
) (/home/jordan/work/texlive/2023/texmf-dist/tex/generic/pgf/basiclayer/pgfcorearrows.code.tex
File: pgfcorearrows.code.tex 2023-01-15 v3.1.10 (3.1.10)
\pgfarrowsep=\dimen191
) (/home/jordan/work/texlive/2023/texmf-dist/tex/generic/pgf/basiclayer/pgfcoreshade.code.tex
File: pgfcoreshade.code.tex 2023-01-15 v3.1.10 (3.1.10)
\pgf@max=\dimen192
\pgf@sys@shading@range@num=\count275
\pgf@shadingcount=\count276
) (/home/jordan/work/texlive/2023/texmf-dist/tex/generic/pgf/basiclayer/pgfcoreimage.code.tex
File: pgfcoreimage.code.tex 2023-01-15 v3.1.10 (3.1.10)
) (/home/jordan/work/texlive/2023/texmf-dist/tex/generic/pgf/basiclayer/pgfcoreexternal.code.tex
File: pgfcoreexternal.code.tex 2023-01-15 v3.1.10 (3.1.10)
\pgfexternal@startupbox=\box56
) (/home/jordan/work/texlive/2023/texmf-dist/tex/generic/pgf/basiclayer/pgfcorelayers.code.tex
File: pgfcorelayers.code.tex 2023-01-15 v3.1.10 (3.1.10)
) (/home/jordan/work/texlive/2023/texmf-dist/tex/generic/pgf/basiclayer/pgfcoretransparency.code.tex
File: pgfcoretransparency.code.tex 2023-01-15 v3.1.10 (3.1.10)
) (/home/jordan/work/texlive/2023/texmf-dist/tex/generic/pgf/basiclayer/pgfcorepatterns.code.tex
File: pgfcorepatterns.code.tex 2023-01-15 v3.1.10 (3.1.10)
) (/home/jordan/work/texlive/2023/texmf-dist/tex/generic/pgf/basiclayer/pgfcorerdf.code.tex
File: pgfcorerdf.code.tex 2023-01-15 v3.1.10 (3.1.10)
))) (/home/jordan/work/texlive/2023/texmf-dist/tex/generic/pgf/modules/pgfmoduleshapes.code.tex
File: pgfmoduleshapes.code.tex 2023-01-15 v3.1.10 (3.1.10)
\pgfnodeparttextbox=\box57
) (/home/jordan/work/texlive/2023/texmf-dist/tex/generic/pgf/modules/pgfmoduleplot.code.tex
File: pgfmoduleplot.code.tex 2023-01-15 v3.1.10 (3.1.10)
)
(/home/jordan/work/texlive/2023/texmf-dist/tex/latex/pgf/compatibility/pgfcomp-version-0-65.sty
Package: pgfcomp-version-0-65 2023-01-15 v3.1.10 (3.1.10)
\pgf@nodesepstart=\dimen193
\pgf@nodesepend=\dimen194
) (/home/jordan/work/texlive/2023/texmf-dist/tex/latex/pgf/compatibility/pgfcomp-version-1-18.sty
Package: pgfcomp-version-1-18 2023-01-15 v3.1.10 (3.1.10)
)) (/home/jordan/work/texlive/2023/texmf-dist/tex/latex/pgf/utilities/pgffor.sty (/home/jordan/work/texlive/2023/texmf-dist/tex/latex/pgf/utilities/pgfkeys.sty (/home/jordan/work/texlive/2023/texmf-dist/tex/generic/pgf/utilities/pgfkeys.code.tex)) (/home/jordan/work/texlive/2023/texmf-dist/tex/latex/pgf/math/pgfmath.sty (/home/jordan/work/texlive/2023/texmf-dist/tex/generic/pgf/math/pgfmath.code.tex)) (/home/jordan/work/texlive/2023/texmf-dist/tex/generic/pgf/utilities/pgffor.code.tex
Package: pgffor 2023-01-15 v3.1.10 (3.1.10)
\pgffor@iter=\dimen195
\pgffor@skip=\dimen196
\pgffor@stack=\toks30
\pgffor@toks=\toks31
)) (/home/jordan/work/texlive/2023/texmf-dist/tex/generic/pgf/frontendlayer/tikz/tikz.code.tex
Package: tikz 2023-01-15 v3.1.10 (3.1.10)
 (/home/jordan/work/texlive/2023/texmf-dist/tex/generic/pgf/libraries/pgflibraryplothandlers.code.tex
File: pgflibraryplothandlers.code.tex 2023-01-15 v3.1.10 (3.1.10)
\pgf@plot@mark@count=\count277
\pgfplotmarksize=\dimen197
)
\tikz@lastx=\dimen198
\tikz@lasty=\dimen199
\tikz@lastxsaved=\dimen256
\tikz@lastysaved=\dimen257
\tikz@lastmovetox=\dimen258
\tikz@lastmovetoy=\dimen259
\tikzleveldistance=\dimen260
\tikzsiblingdistance=\dimen261
\tikz@figbox=\box58
\tikz@figbox@bg=\box59
\tikz@tempbox=\box60
\tikz@tempbox@bg=\box61
\tikztreelevel=\count278
\tikznumberofchildren=\count279
\tikznumberofcurrentchild=\count280
\tikz@fig@count=\count281
 (/home/jordan/work/texlive/2023/texmf-dist/tex/generic/pgf/modules/pgfmodulematrix.code.tex
File: pgfmodulematrix.code.tex 2023-01-15 v3.1.10 (3.1.10)
\pgfmatrixcurrentrow=\count282
\pgfmatrixcurrentcolumn=\count283
\pgf@matrix@numberofcolumns=\count284
)
\tikz@expandcount=\count285
 (/home/jordan/work/texlive/2023/texmf-dist/tex/generic/pgf/frontendlayer/tikz/libraries/tikzlibrarytopaths.code.tex
File: tikzlibrarytopaths.code.tex 2023-01-15 v3.1.10 (3.1.10)
))) (/home/jordan/work/texlive/2023/texmf-dist/tex/generic/pgfplots/pgfplots.code.tex (/home/jordan/work/texlive/2023/texmf-dist/tex/generic/pgfplots/pgfplotscore.code.tex
\t@pgfplots@toka=\toks32
\t@pgfplots@tokb=\toks33
\t@pgfplots@tokc=\toks34
\pgfplots@tmpa=\dimen262
\c@pgfplots@coordindex=\count286
\c@pgfplots@scanlineindex=\count287
 (/home/jordan/work/texlive/2023/texmf-dist/tex/generic/pgfplots/sys/pgfplotssysgeneric.code.tex)) (/home/jordan/work/texlive/2023/texmf-dist/tex/generic/pgfplots/libs/pgfplotslibrary.code.tex) (/home/jordan/work/texlive/2023/texmf-dist/tex/generic/pgfplots/oldpgfcompatib/pgfplotsoldpgfsupp_loader.code.tex (/home/jordan/work/texlive/2023/texmf-dist/tex/generic/pgf/libraries/pgflibraryfpu.code.tex)
Package pgfplots: loading complementary utilities for your pgf version...
\t@pgf@toka=\toks35
\t@pgf@tokb=\toks36
\t@pgf@tokc=\toks37
(/home/jordan/work/texlive/2023/texmf-dist/tex/generic/pgfplots/oldpgfcompatib/pgfplotsoldpgfsupp_pgfutil-common-lists.tex)) (/home/jordan/work/texlive/2023/texmf-dist/tex/generic/pgfplots/util/pgfplotsutil.code.tex (/home/jordan/work/texlive/2023/texmf-dist/tex/generic/pgfplots/liststructure/pgfplotsliststructure.code.tex) (/home/jordan/work/texlive/2023/texmf-dist/tex/generic/pgfplots/liststructure/pgfplotsliststructureext.code.tex) (/home/jordan/work/texlive/2023/texmf-dist/tex/generic/pgfplots/liststructure/pgfplotsarray.code.tex
\c@pgfplotsarray@tmp=\count288
) (/home/jordan/work/texlive/2023/texmf-dist/tex/generic/pgfplots/liststructure/pgfplotsmatrix.code.tex) (/home/jordan/work/texlive/2023/texmf-dist/tex/generic/pgfplots/numtable/pgfplotstableshared.code.tex
\c@pgfplotstable@counta=\count289
\t@pgfplotstable@a=\toks38
) (/home/jordan/work/texlive/2023/texmf-dist/tex/generic/pgfplots/liststructure/pgfplotsdeque.code.tex) (/home/jordan/work/texlive/2023/texmf-dist/tex/generic/pgfplots/util/pgfplotsbinary.code.tex (/home/jordan/work/texlive/2023/texmf-dist/tex/generic/pgfplots/util/pgfplotsbinary.data.code.tex)) (/home/jordan/work/texlive/2023/texmf-dist/tex/generic/pgfplots/util/pgfplotsutil.verb.code.tex) (/home/jordan/work/texlive/2023/texmf-dist/tex/generic/pgfplots/libs/pgflibrarypgfplots.surfshading.code.tex
\c@pgfplotslibrarysurf@no=\count290
 (/home/jordan/work/texlive/2023/texmf-dist/tex/generic/pgfplots/sys/pgflibrarypgfplots.surfshading.pgfsys-pdftex.def))) (/home/jordan/work/texlive/2023/texmf-dist/tex/generic/pgfplots/util/pgfplotscolormap.code.tex (/home/jordan/work/texlive/2023/texmf-dist/tex/generic/pgfplots/util/pgfplotscolor.code.tex)) (/home/jordan/work/texlive/2023/texmf-dist/tex/generic/pgfplots/pgfplotsstackedplots.code.tex) (/home/jordan/work/texlive/2023/texmf-dist/tex/generic/pgfplots/pgfplotsplothandlers.code.tex (/home/jordan/work/texlive/2023/texmf-dist/tex/generic/pgfplots/pgfplotsmeshplothandler.code.tex (/home/jordan/work/texlive/2023/texmf-dist/tex/generic/pgfplots/pgfplotsmeshplotimage.code.tex)))
(/home/jordan/work/texlive/2023/texmf-dist/tex/generic/pgfplots/pgfplots.scaling.code.tex) (/home/jordan/work/texlive/2023/texmf-dist/tex/generic/pgfplots/pgfplotscoordprocessing.code.tex) (/home/jordan/work/texlive/2023/texmf-dist/tex/generic/pgfplots/pgfplots.errorbars.code.tex) (/home/jordan/work/texlive/2023/texmf-dist/tex/generic/pgfplots/pgfplots.markers.code.tex) (/home/jordan/work/texlive/2023/texmf-dist/tex/generic/pgfplots/pgfplotsticks.code.tex) (/home/jordan/work/texlive/2023/texmf-dist/tex/generic/pgfplots/pgfplots.paths.code.tex) (/home/jordan/work/texlive/2023/texmf-dist/tex/generic/pgf/frontendlayer/tikz/libraries/tikzlibrarydecorations.code.tex (/home/jordan/work/texlive/2023/texmf-dist/tex/generic/pgf/modules/pgfmoduledecorations.code.tex
\pgfdecoratedcompleteddistance=\dimen263
\pgfdecoratedremainingdistance=\dimen264
\pgfdecoratedinputsegmentcompleteddistance=\dimen265
\pgfdecoratedinputsegmentremainingdistance=\dimen266
\pgf@decorate@distancetomove=\dimen267
\pgf@decorate@repeatstate=\count291
\pgfdecorationsegmentamplitude=\dimen268
\pgfdecorationsegmentlength=\dimen269
)
\tikz@lib@dec@box=\box62
) (/home/jordan/work/texlive/2023/texmf-dist/tex/generic/pgf/frontendlayer/tikz/libraries/tikzlibrarydecorations.pathmorphing.code.tex (/home/jordan/work/texlive/2023/texmf-dist/tex/generic/pgf/libraries/decorations/pgflibrarydecorations.pathmorphing.code.tex)) (/home/jordan/work/texlive/2023/texmf-dist/tex/generic/pgf/frontendlayer/tikz/libraries/tikzlibrarydecorations.pathreplacing.code.tex (/home/jordan/work/texlive/2023/texmf-dist/tex/generic/pgf/libraries/decorations/pgflibrarydecorations.pathreplacing.code.tex)) (/home/jordan/work/texlive/2023/texmf-dist/tex/generic/pgfplots/libs/tikzlibrarypgfplots.contourlua.code.tex)
\pgfplots@numplots=\count292
\pgfplots@xmin@reg=\dimen270
\pgfplots@xmax@reg=\dimen271
\pgfplots@ymin@reg=\dimen272
\pgfplots@ymax@reg=\dimen273
\pgfplots@zmin@reg=\dimen274
\pgfplots@zmax@reg=\dimen275
) (/home/jordan/work/texlive/2023/texmf-dist/tex/generic/pgf/frontendlayer/tikz/libraries/tikzlibraryplotmarks.code.tex
File: tikzlibraryplotmarks.code.tex 2023-01-15 v3.1.10 (3.1.10)
 (/home/jordan/work/texlive/2023/texmf-dist/tex/generic/pgf/libraries/pgflibraryplotmarks.code.tex
File: pgflibraryplotmarks.code.tex 2023-01-15 v3.1.10 (3.1.10)
)))
   defining Unicode char U+2212 (decimal 8722)
 (/home/jordan/work/texlive/2023/texmf-dist/tex/generic/pgfplots/libs/tikzlibrarypgfplots.groupplots.code.tex
\pgfplots@group@current@plot=\count293
\pgfplots@group@current@row=\count294
\pgfplots@group@current@column=\count295
 (/home/jordan/work/texlive/2023/texmf-dist/tex/generic/pgf/frontendlayer/tikz/libraries/tikzlibrarycalc.code.tex
File: tikzlibrarycalc.code.tex 2023-01-15 v3.1.10 (3.1.10)
)) (/home/jordan/work/texlive/2023/texmf-dist/tex/generic/pgfplots/libs/tikzlibrarypgfplots.dateplot.code.tex
(/home/jordan/work/texlive/2023/texmf-dist/tex/latex/pgf/utilities/pgfcalendar.sty (/home/jordan/work/texlive/2023/texmf-dist/tex/generic/pgf/utilities/pgfcalendar.code.tex
File: pgfcalendar.code.tex 2023-01-15 v3.1.10 (3.1.10)
\pgfcalendarcurrentjulian=\count296
\pgf@cal@easter@Y=\count297
\pgf@cal@easter@G=\count298
\pgf@cal@easter@C=\count299
\pgf@cal@easter@X=\count300
\pgf@cal@easter@Z=\count301
\pgf@cal@easter@D=\count302
\pgf@cal@easter@E=\count303
\pgf@cal@easter@N=\count304
\pgf@cal@easter@M=\count305
\pgf@cal@easter@julianday=\count306
))) (/home/jordan/work/texlive/2023/texmf-dist/tex/generic/pgf/frontendlayer/tikz/libraries/tikzlibrarypatterns.code.tex
File: tikzlibrarypatterns.code.tex 2023-01-15 v3.1.10 (3.1.10)
 (/home/jordan/work/texlive/2023/texmf-dist/tex/generic/pgf/libraries/pgflibrarypatterns.code.tex
File: pgflibrarypatterns.code.tex 2023-01-15 v3.1.10 (3.1.10)
)) (/home/jordan/work/texlive/2023/texmf-dist/tex/generic/pgf/frontendlayer/tikz/libraries/tikzlibraryshapes.arrows.code.tex
File: tikzlibraryshapes.arrows.code.tex 2023-01-15 v3.1.10 (3.1.10)
 (/home/jordan/work/texlive/2023/texmf-dist/tex/generic/pgf/libraries/shapes/pgflibraryshapes.arrows.code.tex
File: pgflibraryshapes.arrows.code.tex 2023-01-15 v3.1.10 (3.1.10)
)) (/home/jordan/work/texlive/2023/texmf-dist/tex/latex/l3backend/l3backend-pdftex.def
File: l3backend-pdftex.def 2023-11-09 L3 backend support: PDF output (pdfTeX)
\l__color_backend_stack_int=\count307
\l__pdf_internal_box=\box63
) (./main.aux)
\openout1 = `main.aux'.

LaTeX Font Info:    Checking defaults for OML/cmm/m/it on input line 15.
LaTeX Font Info:    ... okay on input line 15.
LaTeX Font Info:    Checking defaults for OMS/cmsy/m/n on input line 15.
LaTeX Font Info:    ... okay on input line 15.
LaTeX Font Info:    Checking defaults for OT1/cmr/m/n on input line 15.
LaTeX Font Info:    ... okay on input line 15.
LaTeX Font Info:    Checking defaults for T1/cmr/m/n on input line 15.
LaTeX Font Info:    ... okay on input line 15.
LaTeX Font Info:    Checking defaults for TS1/cmr/m/n on input line 15.
LaTeX Font Info:    ... okay on input line 15.
LaTeX Font Info:    Checking defaults for OMX/cmex/m/n on input line 15.
LaTeX Font Info:    ... okay on input line 15.
LaTeX Font Info:    Checking defaults for U/cmr/m/n on input line 15.
LaTeX Font Info:    ... okay on input line 15.
 (/home/jordan/work/texlive/2023/texmf-dist/tex/context/base/mkii/supp-pdf.mkii
[Loading MPS to PDF converter (version 2006.09.02).]
\scratchcounter=\count308
\scratchdimen=\dimen276
\scratchbox=\box64
\nofMPsegments=\count309
\nofMParguments=\count310
\everyMPshowfont=\toks39
\MPscratchCnt=\count311
\MPscratchDim=\dimen277
\MPnumerator=\count312
\makeMPintoPDFobject=\count313
\everyMPtoPDFconversion=\toks40
) (/home/jordan/work/texlive/2023/texmf-dist/tex/latex/epstopdf-pkg/epstopdf-base.sty
Package: epstopdf-base 2020-01-24 v2.11 Base part for package epstopdf
Package epstopdf-base Info: Redefining graphics rule for `.eps' on input line 485.
 (/home/jordan/work/texlive/2023/texmf-dist/tex/latex/latexconfig/epstopdf-sys.cfg
File: epstopdf-sys.cfg 2010/07/13 v1.3 Configuration of (r)epstopdf for TeX Live
))
Package pgfplots notification 'compat/show suggested version=true': document has been generated with the most recent feature set (\pgfplotsset{compat=1.18}).

LaTeX Font Info:    External font `cmex10' loaded for size
(Font)              <12> on input line 16.
LaTeX Font Info:    External font `cmex10' loaded for size
(Font)              <8> on input line 16.
LaTeX Font Info:    External font `cmex10' loaded for size
(Font)              <6> on input line 16.
[1

{/home/jordan/work/texlive/2023/texmf-var/fonts/map/pdftex/updmap/pdftex.map}]
LaTeX Font Info:    External font `cmex10' loaded for size
(Font)              <14.4> on input line 19.
LaTeX Font Info:    External font `cmex10' loaded for size
(Font)              <7> on input line 19.
<../data/problem-1/problem_1_S_100.png, id=11, 462.528pt x 346.896pt>
File: ../data/problem-1/problem_1_S_100.png Graphic file (type png)
<use ../data/problem-1/problem_1_S_100.png>
Package pdftex.def Info: ../data/problem-1/problem_1_S_100.png  used on input line 20.
(pdftex.def)             Requested size: 345.0pt x 258.76335pt.
 (../data/problem-1/problem_1_S_100_errors.tex
LaTeX Font Info:    External font `cmex10' loaded for size
(Font)              <5> on input line 1.
)
Overfull \hbox (26.44533pt too wide) in paragraph at lines 1--23
 [] 
 []

<../data/problem-1/problem_1_S_100_errors.png, id=13, 462.528pt x 346.896pt>
File: ../data/problem-1/problem_1_S_100_errors.png Graphic file (type png)
<use ../data/problem-1/problem_1_S_100_errors.png>
Package pdftex.def Info: ../data/problem-1/problem_1_S_100_errors.png  used on input line 24.
(pdftex.def)             Requested size: 345.0pt x 258.76335pt.
[1

 <../data/problem-1/problem_1_S_100.png>]
<../data/problem-1/problem_1_S_1000.png, id=21, 462.528pt x 346.896pt>
File: ../data/problem-1/problem_1_S_1000.png Graphic file (type png)
<use ../data/problem-1/problem_1_S_1000.png>
Package pdftex.def Info: ../data/problem-1/problem_1_S_1000.png  used on input line 26.
(pdftex.def)             Requested size: 345.0pt x 258.76335pt.
 [2 <../data/problem-1/problem_1_S_100_errors.png>] (../data/problem-1/problem_1_S_1000_errors.tex)
Overfull \hbox (26.44533pt too wide) in paragraph at lines 1--29
 [] 
 []

<../data/problem-1/problem_1_S_1000_errors.png, id=26, 462.528pt x 346.896pt>
File: ../data/problem-1/problem_1_S_1000_errors.png Graphic file (type png)
<use ../data/problem-1/problem_1_S_1000_errors.png>
Package pdftex.def Info: ../data/problem-1/problem_1_S_1000_errors.png  used on input line 30.
(pdftex.def)             Requested size: 345.0pt x 258.76335pt.
[3 <../data/problem-1/problem_1_S_1000.png>]
<../data/problem-1/problem_1_S_10000.png, id=31, 462.528pt x 346.896pt>
File: ../data/problem-1/problem_1_S_10000.png Graphic file (type png)
<use ../data/problem-1/problem_1_S_10000.png>
Package pdftex.def Info: ../data/problem-1/problem_1_S_10000.png  used on input line 32.
(pdftex.def)             Requested size: 345.0pt x 258.76335pt.
 [4 <../data/problem-1/problem_1_S_1000_errors.png>] (../data/problem-1/problem_1_S_10000_errors.tex)
Overfull \hbox (26.44533pt too wide) in paragraph at lines 1--35
 [] 
 []

<../data/problem-1/problem_1_S_10000_errors.png, id=36, 462.528pt x 346.896pt>
File: ../data/problem-1/problem_1_S_10000_errors.png Graphic file (type png)
<use ../data/problem-1/problem_1_S_10000_errors.png>
Package pdftex.def Info: ../data/problem-1/problem_1_S_10000_errors.png  used on input line 36.
(pdftex.def)             Requested size: 345.0pt x 258.76335pt.
[5 <../data/problem-1/problem_1_S_10000.png>] [6 <../data/problem-1/problem_1_S_10000_errors.png>]
<../data/problem-2/problem_2_S_100.png, id=46, 462.528pt x 346.896pt>
File: ../data/problem-2/problem_2_S_100.png Graphic file (type png)
<use ../data/problem-2/problem_2_S_100.png>
Package pdftex.def Info: ../data/problem-2/problem_2_S_100.png  used on input line 40.
(pdftex.def)             Requested size: 345.0pt x 258.76335pt.
 (../data/problem-2/problem_2_S_100_errors.tex)
Overfull \hbox (26.44533pt too wide) in paragraph at lines 1--43
 [] 
 []

<../data/problem-2/problem_2_S_100_errors.png, id=47, 462.528pt x 346.896pt>
File: ../data/problem-2/problem_2_S_100_errors.png Graphic file (type png)
<use ../data/problem-2/problem_2_S_100_errors.png>
Package pdftex.def Info: ../data/problem-2/problem_2_S_100_errors.png  used on input line 44.
(pdftex.def)             Requested size: 345.0pt x 258.76335pt.
[7

 <../data/problem-2/problem_2_S_100.png>]
<../data/problem-2/problem_2_S_1000.png, id=52, 462.528pt x 346.896pt>
File: ../data/problem-2/problem_2_S_1000.png Graphic file (type png)
<use ../data/problem-2/problem_2_S_1000.png>
Package pdftex.def Info: ../data/problem-2/problem_2_S_1000.png  used on input line 46.
(pdftex.def)             Requested size: 345.0pt x 258.76335pt.
 [8 <../data/problem-2/problem_2_S_100_errors.png>] (../data/problem-2/problem_2_S_1000_errors.tex)
Overfull \hbox (26.44533pt too wide) in paragraph at lines 1--49
 [] 
 []

<../data/problem-2/problem_2_S_1000_errors.png, id=57, 462.528pt x 346.896pt>
File: ../data/problem-2/problem_2_S_1000_errors.png Graphic file (type png)
<use ../data/problem-2/problem_2_S_1000_errors.png>
Package pdftex.def Info: ../data/problem-2/problem_2_S_1000_errors.png  used on input line 50.
(pdftex.def)             Requested size: 345.0pt x 258.76335pt.
[9 <../data/problem-2/problem_2_S_1000.png>]
<../data/problem-2/problem_2_S_10000.png, id=62, 462.528pt x 346.896pt>
File: ../data/problem-2/problem_2_S_10000.png Graphic file (type png)
<use ../data/problem-2/problem_2_S_10000.png>
Package pdftex.def Info: ../data/problem-2/problem_2_S_10000.png  used on input line 52.
(pdftex.def)             Requested size: 345.0pt x 258.76335pt.
 [10 <../data/problem-2/problem_2_S_1000_errors.png>] (../data/problem-2/problem_2_S_10000_errors.tex)
Overfull \hbox (26.44533pt too wide) in paragraph at lines 1--55
 [] 
 []

<../data/problem-2/problem_2_S_10000_errors.png, id=67, 462.528pt x 346.896pt>
File: ../data/problem-2/problem_2_S_10000_errors.png Graphic file (type png)
<use ../data/problem-2/problem_2_S_10000_errors.png>
Package pdftex.def Info: ../data/problem-2/problem_2_S_10000_errors.png  used on input line 56.
(pdftex.def)             Requested size: 345.0pt x 258.76335pt.
[11 <../data/problem-2/problem_2_S_10000.png>] [12 <../data/problem-2/problem_2_S_10000_errors.png>]
<../data/problem-3/problem_3_non_constant_rhs_S_100.png, id=77, 462.528pt x 346.896pt>
File: ../data/problem-3/problem_3_non_constant_rhs_S_100.png Graphic file (type png)
<use ../data/problem-3/problem_3_non_constant_rhs_S_100.png>
Package pdftex.def Info: ../data/problem-3/problem_3_non_constant_rhs_S_100.png  used on input line 61.
(pdftex.def)             Requested size: 345.0pt x 258.76335pt.
 (../data/problem-3/problem_3_non_constant_rhs_S_100_errors.tex)
Overfull \hbox (26.44533pt too wide) in paragraph at lines 1--64
 [] 
 []

<../data/problem-3/problem_3_non_constant_rhs_S_100_errors.png, id=78, 462.528pt x 346.896pt>
File: ../data/problem-3/problem_3_non_constant_rhs_S_100_errors.png Graphic file (type png)
<use ../data/problem-3/problem_3_non_constant_rhs_S_100_errors.png>
Package pdftex.def Info: ../data/problem-3/problem_3_non_constant_rhs_S_100_errors.png  used on input line 65.
(pdftex.def)             Requested size: 345.0pt x 258.76335pt.
[13

 <../data/problem-3/problem_3_non_constant_rhs_S_100.png>]
<../data/problem-3/problem_3_non_constant_rhs_S_1000.png, id=83, 462.528pt x 346.896pt>
File: ../data/problem-3/problem_3_non_constant_rhs_S_1000.png Graphic file (type png)
<use ../data/problem-3/problem_3_non_constant_rhs_S_1000.png>
Package pdftex.def Info: ../data/problem-3/problem_3_non_constant_rhs_S_1000.png  used on input line 68.
(pdftex.def)             Requested size: 345.0pt x 258.76335pt.
 [14 <../data/problem-3/problem_3_non_constant_rhs_S_100_errors.png>] (../data/problem-3/problem_3_non_constant_rhs_S_1000_errors.tex)
Overfull \hbox (26.44533pt too wide) in paragraph at lines 1--71
 [] 
 []

<../data/problem-3/problem_3_non_constant_rhs_S_1000_errors.png, id=88, 462.528pt x 346.896pt>
File: ../data/problem-3/problem_3_non_constant_rhs_S_1000_errors.png Graphic file (type png)
<use ../data/problem-3/problem_3_non_constant_rhs_S_1000_errors.png>
Package pdftex.def Info: ../data/problem-3/problem_3_non_constant_rhs_S_1000_errors.png  used on input line 72.
(pdftex.def)             Requested size: 345.0pt x 258.76335pt.
[15 <../data/problem-3/problem_3_non_constant_rhs_S_1000.png>]
<../data/problem-3/problem_3_non_constant_rhs_S_10000.png, id=93, 462.528pt x 346.896pt>
File: ../data/problem-3/problem_3_non_constant_rhs_S_10000.png Graphic file (type png)
<use ../data/problem-3/problem_3_non_constant_rhs_S_10000.png>
Package pdftex.def Info: ../data/problem-3/problem_3_non_constant_rhs_S_10000.png  used on input line 75.
(pdftex.def)             Requested size: 345.0pt x 258.76335pt.
 [16 <../data/problem-3/problem_3_non_constant_rhs_S_1000_errors.png>] (../data/problem-3/problem_3_non_constant_rhs_S_10000_errors.tex)
Overfull \hbox (26.44533pt too wide) in paragraph at lines 1--78
 [] 
 []

<../data/problem-3/problem_3_non_constant_rhs_S_10000_errors.png, id=98, 462.528pt x 346.896pt>
File: ../data/problem-3/problem_3_non_constant_rhs_S_10000_errors.png Graphic file (type png)
<use ../data/problem-3/problem_3_non_constant_rhs_S_10000_errors.png>
Package pdftex.def Info: ../data/problem-3/problem_3_non_constant_rhs_S_10000_errors.png  used on input line 79.
(pdftex.def)             Requested size: 345.0pt x 258.76335pt.
[17 <../data/problem-3/problem_3_non_constant_rhs_S_10000.png>]
<../data/problem-3/problem_3_constant_rhs_S_100.png, id=103, 462.528pt x 346.896pt>
File: ../data/problem-3/problem_3_constant_rhs_S_100.png Graphic file (type png)
<use ../data/problem-3/problem_3_constant_rhs_S_100.png>
Package pdftex.def Info: ../data/problem-3/problem_3_constant_rhs_S_100.png  used on input line 83.
(pdftex.def)             Requested size: 345.0pt x 258.76335pt.
 [18 <../data/problem-3/problem_3_non_constant_rhs_S_10000_errors.png>] (../data/problem-3/problem_3_constant_rhs_S_100_errors.tex)
Overfull \hbox (26.44533pt too wide) in paragraph at lines 1--86
 [] 
 []

<../data/problem-3/problem_3_constant_rhs_S_100_errors.png, id=109, 462.528pt x 346.896pt>
File: ../data/problem-3/problem_3_constant_rhs_S_100_errors.png Graphic file (type png)
<use ../data/problem-3/problem_3_constant_rhs_S_100_errors.png>
Package pdftex.def Info: ../data/problem-3/problem_3_constant_rhs_S_100_errors.png  used on input line 87.
(pdftex.def)             Requested size: 345.0pt x 258.76335pt.
[19 <../data/problem-3/problem_3_constant_rhs_S_100.png>]
<../data/problem-3/problem_3_constant_rhs_S_1000.png, id=114, 462.528pt x 346.896pt>
File: ../data/problem-3/problem_3_constant_rhs_S_1000.png Graphic file (type png)
<use ../data/problem-3/problem_3_constant_rhs_S_1000.png>
Package pdftex.def Info: ../data/problem-3/problem_3_constant_rhs_S_1000.png  used on input line 90.
(pdftex.def)             Requested size: 345.0pt x 258.76335pt.
 [20 <../data/problem-3/problem_3_constant_rhs_S_100_errors.png>] (../data/problem-3/problem_3_constant_rhs_S_1000_errors.tex)
Overfull \hbox (26.44533pt too wide) in paragraph at lines 1--93
 [] 
 []

<../data/problem-3/problem_3_constant_rhs_S_1000_errors.png, id=119, 462.528pt x 346.896pt>
File: ../data/problem-3/problem_3_constant_rhs_S_1000_errors.png Graphic file (type png)
<use ../data/problem-3/problem_3_constant_rhs_S_1000_errors.png>
Package pdftex.def Info: ../data/problem-3/problem_3_constant_rhs_S_1000_errors.png  used on input line 94.
(pdftex.def)             Requested size: 345.0pt x 258.76335pt.
[21 <../data/problem-3/problem_3_constant_rhs_S_1000.png>]
<../data/problem-3/problem_3_constant_rhs_S_10000.png, id=124, 462.528pt x 346.896pt>
File: ../data/problem-3/problem_3_constant_rhs_S_10000.png Graphic file (type png)
<use ../data/problem-3/problem_3_constant_rhs_S_10000.png>
Package pdftex.def Info: ../data/problem-3/problem_3_constant_rhs_S_10000.png  used on input line 97.
(pdftex.def)             Requested size: 345.0pt x 258.76335pt.
 [22 <../data/problem-3/problem_3_constant_rhs_S_1000_errors.png>] (../data/problem-3/problem_3_constant_rhs_S_10000_errors.tex)
Overfull \hbox (26.44533pt too wide) in paragraph at lines 1--100
 [] 
 []

<../data/problem-3/problem_3_constant_rhs_S_10000_errors.png, id=129, 462.528pt x 346.896pt>
File: ../data/problem-3/problem_3_constant_rhs_S_10000_errors.png Graphic file (type png)
<use ../data/problem-3/problem_3_constant_rhs_S_10000_errors.png>
Package pdftex.def Info: ../data/problem-3/problem_3_constant_rhs_S_10000_errors.png  used on input line 101.
(pdftex.def)             Requested size: 345.0pt x 258.76335pt.
[23 <../data/problem-3/problem_3_constant_rhs_S_10000.png>] [24 <../data/problem-3/problem_3_constant_rhs_S_10000_errors.png>]
<../data/problem-4/problem_4.png, id=139, 462.528pt x 346.896pt>
File: ../data/problem-4/problem_4.png Graphic file (type png)
<use ../data/problem-4/problem_4.png>
Package pdftex.def Info: ../data/problem-4/problem_4.png  used on input line 104.
(pdftex.def)             Requested size: 345.0pt x 258.76335pt.
 (../data/problem-4/problem_4_errors.tex) [25

 <../data/problem-4/problem_4.png>] (./main.aux)
 ***********
LaTeX2e <2023-11-01>
L3 programming layer <2023-11-09>
 ***********
 ) 
Here is how much of TeX's memory you used:
 22817 strings out of 474267
 626556 string characters out of 5743908
 1928555 words of memory out of 5000000
 44638 multiletter control sequences out of 15000+600000
 563237 words of font info for 53 fonts, out of 8000000 for 9000
 1141 hyphenation exceptions out of 8191
 99i,6n,107p,735b,609s stack positions out of 10000i,1000n,20000p,200000b,200000s
</home/jordan/work/texlive/2023/texmf-dist/fonts/type1/public/amsfonts/cm/cmbx12.pfb></home/jordan/work/texlive/2023/texmf-dist/fonts/type1/public/amsfonts/cm/cmmi12.pfb></home/jordan/work/texlive/2023/texmf-dist/fonts/type1/public/amsfonts/cm/cmr10.pfb></home/jordan/work/texlive/2023/texmf-dist/fonts/type1/public/amsfonts/cm/cmr12.pfb></home/jordan/work/texlive/2023/texmf-dist/fonts/type1/public/amsfonts/cm/cmr17.pfb>
Output written on main.pdf (26 pages, 749853 bytes).
PDF statistics:
 167 PDF objects out of 1000 (max. 8388607)
 78 compressed objects within 1 object stream
 0 named destinations out of 1000 (max. 500000)
 138 words of extra memory for PDF output out of 10000 (max. 10000000)

